==8628== Memcheck, a memory error detector
==8628== Copyright (C) 2002-2015, and GNU GPL'd, by Julian Seward et al.
==8628== Using Valgrind-3.11.0 and LibVEX; rerun with -h for copyright info
==8628== Command: bin/xacto -p 9999
==8628== Parent PID: 8616
==8628== 
==8628== 
==8628== FILE DESCRIPTORS: 8 open at exit.
==8628== Open AF_INET socket 5: 0.0.0.0:9999 <-> unbound
==8628==    at 0x515F5A7: socket (syscall-template.S:84)
==8628==    by 0x4033A2: open_listenfd (in /home/student/Desktop/yimwu/hw5/bin/xacto)
==8628==    by 0x4034C9: Open_listenfd (in /home/student/Desktop/yimwu/hw5/bin/xacto)
==8628==    by 0x401FEC: main (in /home/student/Desktop/yimwu/hw5/bin/xacto)
==8628== 
==8628== Open file descriptor 13: /dev/shm/bxf_arena_8614 (deleted)
==8628==    <inherited from parent>
==8628== 
==8628== Open file descriptor 11: /dev/shm/bxf_arena_8614 (deleted)
==8628==    <inherited from parent>
==8628== 
==8628== Open file descriptor 4:
==8628==    <inherited from parent>
==8628== 
==8628== Open file descriptor 3: /home/student/Desktop/yimwu/hw5/valgrind.out
==8628==    <inherited from parent>
==8628== 
==8628== Open file descriptor 2: /dev/pts/0
==8628==    <inherited from parent>
==8628== 
==8628== Open file descriptor 1: /dev/pts/0
==8628==    <inherited from parent>
==8628== 
==8628== Open file descriptor 0:
==8628==    <inherited from parent>
==8628== 
==8628== 
==8628== HEAP SUMMARY:
==8628==     in use at exit: 4 bytes in 1 blocks
==8628==   total heap usage: 8 allocs, 7 frees, 4,840 bytes allocated
==8628== 
==8628== LEAK SUMMARY:
==8628==    definitely lost: 0 bytes in 0 blocks
==8628==    indirectly lost: 0 bytes in 0 blocks
==8628==      possibly lost: 0 bytes in 0 blocks
==8628==    still reachable: 4 bytes in 1 blocks
==8628==         suppressed: 0 bytes in 0 blocks
==8628== Reachable blocks (those to which a pointer was found) are not shown.
==8628== To see them, rerun with: --leak-check=full --show-leak-kinds=all
==8628== 
==8628== For counts of detected and suppressed errors, rerun with: -v
==8628== ERROR SUMMARY: 0 errors from 0 contexts (suppressed: 0 from 0)
